Started GET "/" for ::1 at 2019-09-30 17:00:06 -0700

PG::ConnectionBad - FATAL:  database "task-list_development" does not exist
:

Started POST "/__better_errors/a226e0b0eb848f56/variables" for ::1 at 2019-09-30 17:00:07 -0700
  [1m[35m (431.9ms)[0m  [1m[35mCREATE DATABASE "task-list_development" ENCODING = 'unicode'[0m
  ↳ bin/rails:9
  [1m[35m (418.4ms)[0m  [1m[35mCREATE DATABASE "task-list_test" ENCODING = 'unicode'[0m
  ↳ bin/rails:9
Started GET "/" for ::1 at 2019-09-30 17:00:40 -0700
Processing by Rails::WelcomeController#index as HTML
  Rendering /Users/vi/.rbenv/versions/2.5.5/lib/ruby/gems/2.5.0/gems/railties-5.2.3/lib/rails/templates/rails/welcome/index.html.erb
  Rendered /Users/vi/.rbenv/versions/2.5.5/lib/ruby/gems/2.5.0/gems/railties-5.2.3/lib/rails/templates/rails/welcome/index.html.erb (2.5ms)
Completed 200 OK in 21ms (Views: 8.2ms | ActiveRecord: 0.0ms)


Started GET "/" for ::1 at 2019-09-30 17:00:42 -0700
Processing by Rails::WelcomeController#index as HTML
  Rendering /Users/vi/.rbenv/versions/2.5.5/lib/ruby/gems/2.5.0/gems/railties-5.2.3/lib/rails/templates/rails/welcome/index.html.erb
  Rendered /Users/vi/.rbenv/versions/2.5.5/lib/ruby/gems/2.5.0/gems/railties-5.2.3/lib/rails/templates/rails/welcome/index.html.erb (2.4ms)
Completed 200 OK in 7ms (Views: 4.8ms | ActiveRecord: 0.0ms)


Started GET "/tasks" for ::1 at 2019-09-30 17:00:47 -0700
Processing by TasksController#index as HTML
  Rendering tasks/index.html.erb within layouts/application
  Rendered tasks/index.html.erb within layouts/application (1.1ms)
Completed 500 Internal Server Error in 9ms (ActiveRecord: 0.0ms)



SyntaxError - syntax error, unexpected '[', expecting '('
...output_buffer.append=( @tasks.[:task] );@output_buffer.safe_...
...                              ^
/Users/vi/Rails/task-list/app/views/tasks/index.html.erb:15: syntax error, unexpected keyword_ensure, expecting ')'
          ensure
          ^~~~~~
/Users/vi/Rails/task-list/app/views/tasks/index.html.erb:17: syntax error, unexpected keyword_end, expecting ')'
          end
          ^~~:
  app/views/tasks/index.html.erb:10:in `'

Started POST "/__better_errors/9c712c8b32bfc694/variables" for ::1 at 2019-09-30 17:00:47 -0700
Started GET "/tasks" for ::1 at 2019-09-30 17:01:07 -0700
Processing by TasksController#index as HTML
  Rendering tasks/index.html.erb within layouts/application
  Rendered tasks/index.html.erb within layouts/application (0.6ms)
Completed 200 OK in 345ms (Views: 342.7ms | ActiveRecord: 0.0ms)


Started GET "/tasks" for ::1 at 2019-09-30 17:24:33 -0700
Processing by TasksController#index as HTML
  Rendering tasks/index.html.erb within layouts/application
  Rendered tasks/index.html.erb within layouts/application (0.4ms)
Completed 200 OK in 27ms (Views: 24.4ms | ActiveRecord: 0.0ms)


Started GET "/" for ::1 at 2019-09-30 17:45:29 -0700
Processing by Rails::WelcomeController#index as HTML
  Rendering /Users/vi/.rbenv/versions/2.5.5/lib/ruby/gems/2.5.0/gems/railties-5.2.3/lib/rails/templates/rails/welcome/index.html.erb
  Rendered /Users/vi/.rbenv/versions/2.5.5/lib/ruby/gems/2.5.0/gems/railties-5.2.3/lib/rails/templates/rails/welcome/index.html.erb (3.1ms)
Completed 200 OK in 20ms (Views: 7.7ms | ActiveRecord: 0.0ms)


Started GET "/" for ::1 at 2019-09-30 17:45:34 -0700
Processing by Rails::WelcomeController#index as HTML
  Rendering /Users/vi/.rbenv/versions/2.5.5/lib/ruby/gems/2.5.0/gems/railties-5.2.3/lib/rails/templates/rails/welcome/index.html.erb
  Rendered /Users/vi/.rbenv/versions/2.5.5/lib/ruby/gems/2.5.0/gems/railties-5.2.3/lib/rails/templates/rails/welcome/index.html.erb (2.1ms)
Completed 200 OK in 10ms (Views: 5.9ms | ActiveRecord: 0.0ms)


Started GET "/tasks" for ::1 at 2019-09-30 17:45:40 -0700
Processing by TasksController#index as HTML
  Rendering tasks/index.html.erb within layouts/application
  Rendered tasks/index.html.erb within layouts/application (0.4ms)
Completed 200 OK in 188ms (Views: 185.9ms | ActiveRecord: 0.0ms)


  [1m[35m (9.1ms)[0m  [1m[35mCREATE TABLE "schema_migrations" ("version" character varying NOT NULL PRIMARY KEY)[0m
  ↳ bin/rails:9
  [1m[35m (44.3ms)[0m  [1m[35mCREATE TABLE "ar_internal_metadata" ("key" character varying NOT NULL PRIMARY KEY, "value" character varying, "created_at" timestamp NOT NULL, "updated_at" timestamp NOT NULL)[0m
  ↳ bin/rails:9
  [1m[35m (0.4ms)[0m  [1m[34mSELECT pg_try_advisory_lock(3827420325922003335)[0m
  ↳ bin/rails:9
  [1m[35m (0.5ms)[0m  [1m[34mSELECT "schema_migrations"."version" FROM "schema_migrations" ORDER BY "schema_migrations"."version" ASC[0m
  ↳ bin/rails:9
  [1m[36mActiveRecord::InternalMetadata Load (0.8ms)[0m  [1m[34mSELECT  "ar_internal_metadata".* FROM "ar_internal_metadata" WHERE "ar_internal_metadata"."key" = $1 LIMIT $2[0m  [["key", "environment"], ["LIMIT", 1]]
  ↳ bin/rails:9
  [1m[35m (0.1ms)[0m  [1m[35mBEGIN[0m
  ↳ bin/rails:9
  [1m[36mActiveRecord::InternalMetadata Create (2.1ms)[0m  [1m[32mINSERT INTO "ar_internal_metadata" ("key", "value", "created_at", "updated_at") VALUES ($1, $2, $3, $4) RETURNING "key"[0m  [["key", "environment"], ["value", "development"], ["created_at", "2019-10-01 00:46:47.446008"], ["updated_at", "2019-10-01 00:46:47.446008"]]
  ↳ bin/rails:9
  [1m[35m (0.3ms)[0m  [1m[35mCOMMIT[0m
  ↳ bin/rails:9
  [1m[35m (0.3ms)[0m  [1m[34mSELECT pg_advisory_unlock(3827420325922003335)[0m
  ↳ bin/rails:9
  [1m[35m (0.2ms)[0m  [1m[34mSELECT "schema_migrations"."version" FROM "schema_migrations" ORDER BY "schema_migrations"."version" ASC[0m
  ↳ bin/rails:9
Started GET "/tasks" for ::1 at 2019-09-30 18:05:34 -0700
Processing by TasksController#index as HTML
  Rendering tasks/index.html.erb within layouts/application
  Rendered tasks/index.html.erb within layouts/application (1.5ms)
Completed 200 OK in 199ms (Views: 189.8ms | ActiveRecord: 0.0ms)


Started GET "/" for ::1 at 2019-09-30 18:05:40 -0700
Processing by Rails::WelcomeController#index as HTML
  Rendering /Users/vi/.rbenv/versions/2.5.5/lib/ruby/gems/2.5.0/gems/railties-5.2.3/lib/rails/templates/rails/welcome/index.html.erb
  Rendered /Users/vi/.rbenv/versions/2.5.5/lib/ruby/gems/2.5.0/gems/railties-5.2.3/lib/rails/templates/rails/welcome/index.html.erb (2.0ms)
Completed 200 OK in 15ms (Views: 7.8ms | ActiveRecord: 0.0ms)


  [1m[35m (0.2ms)[0m  [1m[34mSELECT pg_try_advisory_lock(3827420325922003335)[0m
  ↳ bin/rails:9
  [1m[35m (0.5ms)[0m  [1m[34mSELECT "schema_migrations"."version" FROM "schema_migrations" ORDER BY "schema_migrations"."version" ASC[0m
  ↳ bin/rails:9
  [1m[36mActiveRecord::InternalMetadata Load (0.4ms)[0m  [1m[34mSELECT  "ar_internal_metadata".* FROM "ar_internal_metadata" WHERE "ar_internal_metadata"."key" = $1 LIMIT $2[0m  [["key", "environment"], ["LIMIT", 1]]
  ↳ bin/rails:9
  [1m[35m (0.2ms)[0m  [1m[35mBEGIN[0m
  ↳ bin/rails:9
  [1m[35m (0.1ms)[0m  [1m[35mCOMMIT[0m
  ↳ bin/rails:9
  [1m[35m (0.2ms)[0m  [1m[34mSELECT pg_advisory_unlock(3827420325922003335)[0m
  ↳ bin/rails:9
  [1m[35m (0.2ms)[0m  [1m[34mSELECT "schema_migrations"."version" FROM "schema_migrations" ORDER BY "schema_migrations"."version" ASC[0m
  ↳ bin/rails:9
Started GET "/" for ::1 at 2019-10-01 10:07:44 -0700

NameError - uninitialized constant BooksController:

Started POST "/__better_errors/05e6d1cc39b3eb86/variables" for ::1 at 2019-10-01 10:07:44 -0700
Started GET "/" for ::1 at 2019-10-01 10:08:02 -0700
Processing by TasksController#index as HTML
  Rendering tasks/index.html.erb within layouts/application
  Rendered tasks/index.html.erb within layouts/application (4.2ms)
Completed 500 Internal Server Error in 27ms (ActiveRecord: 0.0ms)



TypeError - no implicit conversion of Symbol into Integer:
  app/views/tasks/index.html.erb:6:in `_app_views_tasks_index_html_erb__2222580151684135441_70183267537040'

Started POST "/__better_errors/3795ef755a56ca36/variables" for ::1 at 2019-10-01 10:08:02 -0700
Started GET "/" for ::1 at 2019-10-01 10:09:20 -0700
Processing by TasksController#index as HTML
  Rendering tasks/index.html.erb within layouts/application
  Rendered tasks/index.html.erb within layouts/application (2.4ms)
Completed 500 Internal Server Error in 8ms (ActiveRecord: 0.0ms)



TypeError - no implicit conversion of Symbol into Integer:
  app/views/tasks/index.html.erb:6:in `_app_views_tasks_index_html_erb__2222580151684135441_70183266207000'

Started POST "/__better_errors/4bfd34621973efb4/variables" for ::1 at 2019-10-01 10:09:20 -0700
Started GET "/" for ::1 at 2019-10-01 10:11:02 -0700
Processing by TasksController#index as HTML
  Rendering tasks/index.html.erb within layouts/application
  Rendered tasks/index.html.erb within layouts/application (1.1ms)
Completed 200 OK in 203ms (Views: 201.5ms | ActiveRecord: 0.0ms)


Started GET "/" for ::1 at 2019-10-01 10:11:06 -0700
Processing by TasksController#index as HTML
  Rendering tasks/index.html.erb within layouts/application
  Rendered tasks/index.html.erb within layouts/application (0.4ms)
Completed 200 OK in 37ms (Views: 34.8ms | ActiveRecord: 0.0ms)


Started GET "/" for ::1 at 2019-10-01 10:11:07 -0700
Processing by TasksController#index as HTML
  Rendering tasks/index.html.erb within layouts/application
  Rendered tasks/index.html.erb within layouts/application (0.4ms)
Completed 200 OK in 22ms (Views: 20.2ms | ActiveRecord: 0.0ms)


Started GET "/" for ::1 at 2019-10-01 10:11:07 -0700
Processing by TasksController#index as HTML
  Rendering tasks/index.html.erb within layouts/application
  Rendered tasks/index.html.erb within layouts/application (0.4ms)
Completed 200 OK in 24ms (Views: 22.0ms | ActiveRecord: 0.0ms)


Started GET "/" for ::1 at 2019-10-01 10:11:08 -0700
Processing by TasksController#index as HTML
  Rendering tasks/index.html.erb within layouts/application
  Rendered tasks/index.html.erb within layouts/application (0.5ms)
Completed 200 OK in 26ms (Views: 23.7ms | ActiveRecord: 0.0ms)


Started GET "/" for ::1 at 2019-10-01 10:12:47 -0700
Processing by TasksController#index as HTML
  Rendering tasks/index.html.erb within layouts/application
  Rendered tasks/index.html.erb within layouts/application (1.2ms)
Completed 200 OK in 183ms (Views: 173.8ms | ActiveRecord: 0.0ms)


Started GET "/" for ::1 at 2019-10-01 10:16:28 -0700
Processing by TasksController#index as HTML
  Rendering tasks/index.html.erb within layouts/application
  Rendered tasks/index.html.erb within layouts/application (0.5ms)
Completed 200 OK in 21ms (Views: 19.0ms | ActiveRecord: 0.0ms)


Started GET "/" for ::1 at 2019-10-01 10:16:30 -0700
Processing by TasksController#index as HTML
  Rendering tasks/index.html.erb within layouts/application
  Rendered tasks/index.html.erb within layouts/application (0.4ms)
Completed 200 OK in 18ms (Views: 16.4ms | ActiveRecord: 0.0ms)


Started GET "/" for ::1 at 2019-10-01 10:16:39 -0700
Processing by TasksController#index as HTML
  Rendering tasks/index.html.erb within layouts/application
  Rendered tasks/index.html.erb within layouts/application (0.4ms)
Completed 200 OK in 23ms (Views: 21.4ms | ActiveRecord: 0.0ms)


Started GET "/" for ::1 at 2019-10-01 10:16:41 -0700
Processing by TasksController#index as HTML
  Rendering tasks/index.html.erb within layouts/application
  Rendered tasks/index.html.erb within layouts/application (0.4ms)
Completed 200 OK in 38ms (Views: 36.5ms | ActiveRecord: 0.0ms)


Started GET "/" for ::1 at 2019-10-01 10:17:05 -0700
Processing by TasksController#index as HTML
  Rendering tasks/index.html.erb within layouts/application
  Rendered tasks/index.html.erb within layouts/application (0.4ms)
Completed 200 OK in 21ms (Views: 18.9ms | ActiveRecord: 0.0ms)


Started GET "/" for ::1 at 2019-10-01 10:17:17 -0700
Processing by TasksController#index as HTML
  Rendering tasks/index.html.erb within layouts/application
  Rendered tasks/index.html.erb within layouts/application (0.5ms)
Completed 200 OK in 22ms (Views: 20.3ms | ActiveRecord: 0.0ms)


  [1m[35m (0.2ms)[0m  [1m[34mSELECT pg_try_advisory_lock(3827420325922003335)[0m
  ↳ bin/rails:9
  [1m[35m (0.7ms)[0m  [1m[34mSELECT "schema_migrations"."version" FROM "schema_migrations" ORDER BY "schema_migrations"."version" ASC[0m
  ↳ bin/rails:9
  [1m[36mActiveRecord::InternalMetadata Load (0.5ms)[0m  [1m[34mSELECT  "ar_internal_metadata".* FROM "ar_internal_metadata" WHERE "ar_internal_metadata"."key" = $1 LIMIT $2[0m  [["key", "environment"], ["LIMIT", 1]]
  ↳ bin/rails:9
  [1m[35m (0.2ms)[0m  [1m[35mBEGIN[0m
  ↳ bin/rails:9
  [1m[35m (0.2ms)[0m  [1m[35mCOMMIT[0m
  ↳ bin/rails:9
  [1m[35m (0.3ms)[0m  [1m[34mSELECT pg_advisory_unlock(3827420325922003335)[0m
  ↳ bin/rails:9
  [1m[35m (0.4ms)[0m  [1m[34mSELECT "schema_migrations"."version" FROM "schema_migrations" ORDER BY "schema_migrations"."version" ASC[0m
  ↳ bin/rails:9
  [1m[35m (0.2ms)[0m  [1m[34mSELECT pg_try_advisory_lock(3827420325922003335)[0m
  ↳ bin/rails:9
  [1m[35m (0.5ms)[0m  [1m[34mSELECT "schema_migrations"."version" FROM "schema_migrations" ORDER BY "schema_migrations"."version" ASC[0m
  ↳ bin/rails:9
Migrating to CreateTasks (20191001225612)
  [1m[35m (0.1ms)[0m  [1m[35mBEGIN[0m
  ↳ bin/rails:9
  [1m[35m (10.4ms)[0m  [1m[35mCREATE TABLE "tasks" ("id" bigserial primary key, "name" character varying, "description" character varying, "completion_date" character varying, "created_at" timestamp NOT NULL, "updated_at" timestamp NOT NULL)[0m
  ↳ db/migrate/20191001225612_create_tasks.rb:3
  [1m[36mActiveRecord::SchemaMigration Create (0.9ms)[0m  [1m[32mINSERT INTO "schema_migrations" ("version") VALUES ($1) RETURNING "version"[0m  [["version", "20191001225612"]]
  ↳ bin/rails:9
  [1m[35m (0.6ms)[0m  [1m[35mCOMMIT[0m
  ↳ bin/rails:9
  [1m[36mActiveRecord::InternalMetadata Load (0.3ms)[0m  [1m[34mSELECT  "ar_internal_metadata".* FROM "ar_internal_metadata" WHERE "ar_internal_metadata"."key" = $1 LIMIT $2[0m  [["key", "environment"], ["LIMIT", 1]]
  ↳ bin/rails:9
  [1m[35m (0.1ms)[0m  [1m[35mBEGIN[0m
  ↳ bin/rails:9
  [1m[35m (0.1ms)[0m  [1m[35mCOMMIT[0m
  ↳ bin/rails:9
  [1m[35m (0.2ms)[0m  [1m[34mSELECT pg_advisory_unlock(3827420325922003335)[0m
  ↳ bin/rails:9
  [1m[35m (0.6ms)[0m  [1m[34mSELECT "schema_migrations"."version" FROM "schema_migrations" ORDER BY "schema_migrations"."version" ASC[0m
  ↳ bin/rails:9
  [1m[35m (0.5ms)[0m  [1m[34mSELECT "schema_migrations"."version" FROM "schema_migrations" ORDER BY "schema_migrations"."version" ASC[0m
  ↳ bin/rails:9
  [1m[35m (0.1ms)[0m  [1m[35mBEGIN[0m
  [1m[36mTask Create (1.0ms)[0m  [1m[32mINSERT INTO "tasks" ("name", "description", "completion_date", "created_at", "updated_at") VALUES ($1, $2, $3, $4, $5) RETURNING "id"[0m  [["name", "chores"], ["description", "doing laundry"], ["completion_date", "Tomorrow"], ["created_at", "2019-10-01 22:59:54.084135"], ["updated_at", "2019-10-01 22:59:54.084135"]]
  [1m[35m (0.4ms)[0m  [1m[35mCOMMIT[0m
  [1m[36mTask Load (0.4ms)[0m  [1m[34mSELECT "tasks".* FROM "tasks"[0m
  [1m[35m (0.2ms)[0m  [1m[35mBEGIN[0m
  [1m[36mTask Create (0.4ms)[0m  [1m[32mINSERT INTO "tasks" ("name", "description", "completion_date", "created_at", "updated_at") VALUES ($1, $2, $3, $4, $5) RETURNING "id"[0m  [["name", "chores"], ["description", "water my plants"], ["completion_date", "Today"], ["created_at", "2019-10-01 23:00:57.357753"], ["updated_at", "2019-10-01 23:00:57.357753"]]
  [1m[35m (1.1ms)[0m  [1m[35mCOMMIT[0m
  [1m[35m (0.2ms)[0m  [1m[35mBEGIN[0m
  [1m[36mTask Create (0.4ms)[0m  [1m[32mINSERT INTO "tasks" ("name", "description", "completion_date", "created_at", "updated_at") VALUES ($1, $2, $3, $4, $5) RETURNING "id"[0m  [["name", "appointments"], ["description", "lunch with Ada mentor"], ["completion_date", "Friday"], ["created_at", "2019-10-01 23:02:34.380070"], ["updated_at", "2019-10-01 23:02:34.380070"]]
  [1m[35m (1.2ms)[0m  [1m[35mCOMMIT[0m
  [1m[36mTask Load (0.4ms)[0m  [1m[34mSELECT "tasks".* FROM "tasks"[0m
Started GET "/" for ::1 at 2019-10-01 16:07:55 -0700
  [1m[35m (0.8ms)[0m  [1m[34mSELECT "schema_migrations"."version" FROM "schema_migrations" ORDER BY "schema_migrations"."version" ASC[0m
  ↳ /Users/vi/.rbenv/versions/2.5.5/lib/ruby/gems/2.5.0/gems/activerecord-5.2.3/lib/active_record/log_subscriber.rb:98
Processing by TasksController#index as HTML
  Rendering tasks/index.html.erb within layouts/application
  Rendered tasks/index.html.erb within layouts/application (9.0ms)
Completed 500 Internal Server Error in 26ms (ActiveRecord: 0.0ms)



NoMethodError - undefined method `first' for nil:NilClass:
  app/views/tasks/index.html.erb:6:in `_app_views_tasks_index_html_erb__3248745311550373310_70347908063580'

Started POST "/__better_errors/ac1e7f6fb04d6508/variables" for ::1 at 2019-10-01 16:07:55 -0700
  [1m[36mTask Load (0.4ms)[0m  [1m[34mSELECT  "tasks".* FROM "tasks" LIMIT $1[0m  [["LIMIT", 11]]
  ↳ /Users/vi/.rbenv/versions/2.5.5/lib/ruby/gems/2.5.0/gems/activerecord-5.2.3/lib/active_record/log_subscriber.rb:98
  [1m[36mCACHE Task Load (0.1ms)[0m  [1m[34mSELECT  "tasks".* FROM "tasks" LIMIT $1[0m  [["LIMIT", 11]]
  ↳ /Users/vi/.rbenv/versions/2.5.5/lib/ruby/gems/2.5.0/gems/activerecord-5.2.3/lib/active_record/log_subscriber.rb:98
  [1m[36mCACHE Task Load (0.0ms)[0m  [1m[34mSELECT  "tasks".* FROM "tasks" LIMIT $1[0m  [["LIMIT", 11]]
  ↳ /Users/vi/.rbenv/versions/2.5.5/lib/ruby/gems/2.5.0/gems/activerecord-5.2.3/lib/active_record/log_subscriber.rb:98
  [1m[36mCACHE Task Load (0.0ms)[0m  [1m[34mSELECT  "tasks".* FROM "tasks" LIMIT $1[0m  [["LIMIT", 11]]
  ↳ /Users/vi/.rbenv/versions/2.5.5/lib/ruby/gems/2.5.0/gems/activerecord-5.2.3/lib/active_record/log_subscriber.rb:98
  [1m[36mCACHE Task Load (0.0ms)[0m  [1m[34mSELECT  "tasks".* FROM "tasks" LIMIT $1[0m  [["LIMIT", 11]]
  ↳ /Users/vi/.rbenv/versions/2.5.5/lib/ruby/gems/2.5.0/gems/activerecord-5.2.3/lib/active_record/log_subscriber.rb:98
Started GET "/" for ::1 at 2019-10-01 16:08:15 -0700
Processing by TasksController#index as HTML
  Rendering tasks/index.html.erb within layouts/application
  [1m[36mTask Load (0.3ms)[0m  [1m[34mSELECT  "tasks".* FROM "tasks" ORDER BY "tasks"."id" ASC LIMIT $1[0m  [["LIMIT", 1]]
  ↳ app/views/tasks/index.html.erb:6
  Rendered tasks/index.html.erb within layouts/application (2.1ms)
Completed 200 OK in 219ms (Views: 217.1ms | ActiveRecord: 0.3ms)


  [1m[36mTask Load (0.5ms)[0m  [1m[34mSELECT "tasks".* FROM "tasks"[0m
Started GET "/" for ::1 at 2019-10-01 16:22:37 -0700
Processing by TasksController#index as HTML
  Rendering tasks/index.html.erb within layouts/application
  [1m[36mTask Load (3.5ms)[0m  [1m[34mSELECT "tasks".* FROM "tasks"[0m
  ↳ app/views/tasks/index.html.erb:6
  Rendered tasks/index.html.erb within layouts/application (10.3ms)
Completed 200 OK in 49ms (Views: 43.9ms | ActiveRecord: 3.5ms)


Started GET "/2" for ::1 at 2019-10-01 16:22:39 -0700
  
ActionController::RoutingError (No route matches [GET] "/2"):
  
actionpack (5.2.3) lib/action_dispatch/middleware/debug_exceptions.rb:65:in `call'
web-console (3.7.0) lib/web_console/middleware.rb:135:in `call_app'
web-console (3.7.0) lib/web_console/middleware.rb:30:in `block in call'
web-console (3.7.0) lib/web_console/middleware.rb:20:in `catch'
web-console (3.7.0) lib/web_console/middleware.rb:20:in `call'
actionpack (5.2.3) lib/action_dispatch/middleware/show_exceptions.rb:33:in `call'
railties (5.2.3) lib/rails/rack/logger.rb:38:in `call_app'
railties (5.2.3) lib/rails/rack/logger.rb:26:in `block in call'
activesupport (5.2.3) lib/active_support/tagged_logging.rb:71:in `block in tagged'
activesupport (5.2.3) lib/active_support/tagged_logging.rb:28:in `tagged'
activesupport (5.2.3) lib/active_support/tagged_logging.rb:71:in `tagged'
railties (5.2.3) lib/rails/rack/logger.rb:26:in `call'
sprockets-rails (3.2.1) lib/sprockets/rails/quiet_assets.rb:13:in `call'
actionpack (5.2.3) lib/action_dispatch/middleware/remote_ip.rb:81:in `call'
actionpack (5.2.3) lib/action_dispatch/middleware/request_id.rb:27:in `call'
rack (2.0.7) lib/rack/method_override.rb:22:in `call'
rack (2.0.7) lib/rack/runtime.rb:22:in `call'
activesupport (5.2.3) lib/active_support/cache/strategy/local_cache_middleware.rb:29:in `call'
actionpack (5.2.3) lib/action_dispatch/middleware/executor.rb:14:in `call'
actionpack (5.2.3) lib/action_dispatch/middleware/static.rb:127:in `call'
rack (2.0.7) lib/rack/sendfile.rb:111:in `call'
railties (5.2.3) lib/rails/engine.rb:524:in `call'
puma (3.12.1) lib/puma/configuration.rb:227:in `call'
puma (3.12.1) lib/puma/server.rb:660:in `handle_request'
puma (3.12.1) lib/puma/server.rb:474:in `process_client'
puma (3.12.1) lib/puma/server.rb:334:in `block in run'
puma (3.12.1) lib/puma/thread_pool.rb:135:in `block in spawn_thread'
Started GET "/" for ::1 at 2019-10-01 16:23:33 -0700
Processing by TasksController#index as HTML
  Rendering tasks/index.html.erb within layouts/application
  [1m[36mTask Load (25.5ms)[0m  [1m[34mSELECT "tasks".* FROM "tasks"[0m
  ↳ app/views/tasks/index.html.erb:6
  Rendered tasks/index.html.erb within layouts/application (29.0ms)
Completed 200 OK in 61ms (Views: 33.6ms | ActiveRecord: 25.5ms)


Started GET "/1" for ::1 at 2019-10-01 16:23:45 -0700
  
ActionController::RoutingError (No route matches [GET] "/1"):
  
actionpack (5.2.3) lib/action_dispatch/middleware/debug_exceptions.rb:65:in `call'
web-console (3.7.0) lib/web_console/middleware.rb:135:in `call_app'
web-console (3.7.0) lib/web_console/middleware.rb:30:in `block in call'
web-console (3.7.0) lib/web_console/middleware.rb:20:in `catch'
web-console (3.7.0) lib/web_console/middleware.rb:20:in `call'
actionpack (5.2.3) lib/action_dispatch/middleware/show_exceptions.rb:33:in `call'
railties (5.2.3) lib/rails/rack/logger.rb:38:in `call_app'
railties (5.2.3) lib/rails/rack/logger.rb:26:in `block in call'
activesupport (5.2.3) lib/active_support/tagged_logging.rb:71:in `block in tagged'
activesupport (5.2.3) lib/active_support/tagged_logging.rb:28:in `tagged'
activesupport (5.2.3) lib/active_support/tagged_logging.rb:71:in `tagged'
railties (5.2.3) lib/rails/rack/logger.rb:26:in `call'
sprockets-rails (3.2.1) lib/sprockets/rails/quiet_assets.rb:13:in `call'
actionpack (5.2.3) lib/action_dispatch/middleware/remote_ip.rb:81:in `call'
actionpack (5.2.3) lib/action_dispatch/middleware/request_id.rb:27:in `call'
rack (2.0.7) lib/rack/method_override.rb:22:in `call'
rack (2.0.7) lib/rack/runtime.rb:22:in `call'
activesupport (5.2.3) lib/active_support/cache/strategy/local_cache_middleware.rb:29:in `call'
actionpack (5.2.3) lib/action_dispatch/middleware/executor.rb:14:in `call'
actionpack (5.2.3) lib/action_dispatch/middleware/static.rb:127:in `call'
rack (2.0.7) lib/rack/sendfile.rb:111:in `call'
railties (5.2.3) lib/rails/engine.rb:524:in `call'
puma (3.12.1) lib/puma/configuration.rb:227:in `call'
puma (3.12.1) lib/puma/server.rb:660:in `handle_request'
puma (3.12.1) lib/puma/server.rb:474:in `process_client'
puma (3.12.1) lib/puma/server.rb:334:in `block in run'
puma (3.12.1) lib/puma/thread_pool.rb:135:in `block in spawn_thread'
Started GET "/tasks/1" for ::1 at 2019-10-01 16:24:29 -0700
Processing by TasksController#show as HTML
  Parameters: {"id"=>"1"}
  [1m[36mTask Load (0.3ms)[0m  [1m[34mSELECT  "tasks".* FROM "tasks" WHERE "tasks"."id" = $1 LIMIT $2[0m  [["id", 1], ["LIMIT", 1]]
  ↳ app/controllers/tasks_controller.rb:9
  Rendering tasks/show.html.erb within layouts/application
  Rendered tasks/show.html.erb within layouts/application (0.3ms)
Completed 200 OK in 37ms (Views: 21.8ms | ActiveRecord: 0.4ms)


Started GET "/tasks/1" for ::1 at 2019-10-01 16:24:38 -0700
Processing by TasksController#show as HTML
  Parameters: {"id"=>"1"}
  [1m[36mTask Load (0.3ms)[0m  [1m[34mSELECT  "tasks".* FROM "tasks" WHERE "tasks"."id" = $1 LIMIT $2[0m  [["id", 1], ["LIMIT", 1]]
  ↳ app/controllers/tasks_controller.rb:9
  Rendering tasks/show.html.erb within layouts/application
  Rendered tasks/show.html.erb within layouts/application (0.4ms)
Completed 200 OK in 23ms (Views: 20.3ms | ActiveRecord: 0.3ms)


Started GET "/tasks/1" for ::1 at 2019-10-01 16:38:05 -0700
Processing by TasksController#show as HTML
  Parameters: {"id"=>"1"}
  [1m[36mTask Load (0.4ms)[0m  [1m[34mSELECT  "tasks".* FROM "tasks" WHERE "tasks"."id" = $1 LIMIT $2[0m  [["id", 1], ["LIMIT", 1]]
  ↳ app/controllers/tasks_controller.rb:9
  Rendering tasks/show.html.erb within layouts/application
  [1m[36mTask Load (0.2ms)[0m  [1m[34mSELECT  "tasks".* FROM "tasks" LIMIT $1[0m  [["LIMIT", 11]]
  ↳ /Users/vi/.rbenv/versions/2.5.5/lib/ruby/gems/2.5.0/gems/activerecord-5.2.3/lib/active_record/log_subscriber.rb:98
  [1m[36mCACHE Task Load (0.0ms)[0m  [1m[34mSELECT  "tasks".* FROM "tasks" LIMIT $1[0m  [["LIMIT", 11]]
  ↳ /Users/vi/.rbenv/versions/2.5.5/lib/ruby/gems/2.5.0/gems/activerecord-5.2.3/lib/active_record/log_subscriber.rb:98
  [1m[36mCACHE Task Load (0.0ms)[0m  [1m[34mSELECT  "tasks".* FROM "tasks" LIMIT $1[0m  [["LIMIT", 11]]
  ↳ /Users/vi/.rbenv/versions/2.5.5/lib/ruby/gems/2.5.0/gems/activerecord-5.2.3/lib/active_record/log_subscriber.rb:98
  [1m[36mCACHE Task Load (0.0ms)[0m  [1m[34mSELECT  "tasks".* FROM "tasks" LIMIT $1[0m  [["LIMIT", 11]]
  ↳ /Users/vi/.rbenv/versions/2.5.5/lib/ruby/gems/2.5.0/gems/activerecord-5.2.3/lib/active_record/log_subscriber.rb:98
  [1m[36mCACHE Task Load (0.0ms)[0m  [1m[34mSELECT  "tasks".* FROM "tasks" LIMIT $1[0m  [["LIMIT", 11]]
  ↳ /Users/vi/.rbenv/versions/2.5.5/lib/ruby/gems/2.5.0/gems/activerecord-5.2.3/lib/active_record/log_subscriber.rb:98
  [1m[36mCACHE Task Load (0.0ms)[0m  [1m[34mSELECT  "tasks".* FROM "tasks" LIMIT $1[0m  [["LIMIT", 11]]
  ↳ /Users/vi/.rbenv/versions/2.5.5/lib/ruby/gems/2.5.0/gems/activerecord-5.2.3/lib/active_record/log_subscriber.rb:98
  Rendered tasks/show.html.erb within layouts/application (262.8ms)
Completed 500 Internal Server Error in 270ms (ActiveRecord: 1.0ms)


  [1m[36mCACHE Task Load (0.0ms)[0m  [1m[34mSELECT  "tasks".* FROM "tasks" LIMIT $1[0m  [["LIMIT", 11]]
  ↳ /Users/vi/.rbenv/versions/2.5.5/lib/ruby/gems/2.5.0/gems/activerecord-5.2.3/lib/active_record/log_subscriber.rb:98
  [1m[36mCACHE Task Load (0.0ms)[0m  [1m[34mSELECT  "tasks".* FROM "tasks" LIMIT $1[0m  [["LIMIT", 11]]
  ↳ /Users/vi/.rbenv/versions/2.5.5/lib/ruby/gems/2.5.0/gems/activerecord-5.2.3/lib/active_record/log_subscriber.rb:98
  [1m[36mCACHE Task Load (0.0ms)[0m  [1m[34mSELECT  "tasks".* FROM "tasks" LIMIT $1[0m  [["LIMIT", 11]]
  ↳ /Users/vi/.rbenv/versions/2.5.5/lib/ruby/gems/2.5.0/gems/activerecord-5.2.3/lib/active_record/log_subscriber.rb:98
  [1m[36mCACHE Task Load (0.0ms)[0m  [1m[34mSELECT  "tasks".* FROM "tasks" LIMIT $1[0m  [["LIMIT", 11]]
  ↳ /Users/vi/.rbenv/versions/2.5.5/lib/ruby/gems/2.5.0/gems/activerecord-5.2.3/lib/active_record/log_subscriber.rb:98
  [1m[36mCACHE Task Load (0.0ms)[0m  [1m[34mSELECT  "tasks".* FROM "tasks" LIMIT $1[0m  [["LIMIT", 11]]
  ↳ /Users/vi/.rbenv/versions/2.5.5/lib/ruby/gems/2.5.0/gems/activerecord-5.2.3/lib/active_record/log_subscriber.rb:98
  [1m[36mCACHE Task Load (0.0ms)[0m  [1m[34mSELECT  "tasks".* FROM "tasks" LIMIT $1[0m  [["LIMIT", 11]]
  ↳ /Users/vi/.rbenv/versions/2.5.5/lib/ruby/gems/2.5.0/gems/activerecord-5.2.3/lib/active_record/log_subscriber.rb:98

NameError - undefined local variable or method `task' for #<#<Class:0x00007ff64e0ca520>:0x00007ff64ff058c8>:
  app/views/tasks/show.html.erb:1:in `_app_views_tasks_show_html_erb___2937161621105719367_70347939919800'

Started POST "/__better_errors/3793d60490c18c55/variables" for ::1 at 2019-10-01 16:38:05 -0700
Started GET "/tasks/1" for ::1 at 2019-10-01 16:38:08 -0700
Processing by TasksController#show as HTML
  Parameters: {"id"=>"1"}
  [1m[36mTask Load (0.4ms)[0m  [1m[34mSELECT  "tasks".* FROM "tasks" WHERE "tasks"."id" = $1 LIMIT $2[0m  [["id", 1], ["LIMIT", 1]]
  ↳ app/controllers/tasks_controller.rb:9
  Rendering tasks/show.html.erb within layouts/application
  Rendered tasks/show.html.erb within layouts/application (277.1ms)
Completed 500 Internal Server Error in 285ms (ActiveRecord: 0.4ms)



NameError - undefined local variable or method `task' for #<#<Class:0x00007ff64e0ca520>:0x00007ff64c3ad8e8>:
  app/views/tasks/show.html.erb:1:in `_app_views_tasks_show_html_erb___2937161621105719367_70347892655900'

Started POST "/__better_errors/ee4472fa7c1bcd5d/variables" for ::1 at 2019-10-01 16:38:09 -0700
Started GET "/tasks/1" for ::1 at 2019-10-01 16:40:27 -0700
Processing by TasksController#show as HTML
  Parameters: {"id"=>"1"}
  [1m[36mTask Load (0.3ms)[0m  [1m[34mSELECT  "tasks".* FROM "tasks" WHERE "tasks"."id" = $1 LIMIT $2[0m  [["id", 1], ["LIMIT", 1]]
  ↳ app/controllers/tasks_controller.rb:9
  Rendering tasks/show.html.erb within layouts/application
  Rendered tasks/show.html.erb within layouts/application (0.7ms)
Completed 200 OK in 33ms (Views: 28.7ms | ActiveRecord: 0.3ms)


Started GET "/tasks/1" for ::1 at 2019-10-01 16:40:44 -0700
Processing by TasksController#show as HTML
  Parameters: {"id"=>"1"}
  [1m[36mTask Load (0.3ms)[0m  [1m[34mSELECT  "tasks".* FROM "tasks" WHERE "tasks"."id" = $1 LIMIT $2[0m  [["id", 1], ["LIMIT", 1]]
  ↳ app/controllers/tasks_controller.rb:9
  Rendering tasks/show.html.erb within layouts/application
  Rendered tasks/show.html.erb within layouts/application (0.4ms)
Completed 200 OK in 25ms (Views: 22.2ms | ActiveRecord: 0.3ms)


Started GET "/tasks/2" for ::1 at 2019-10-01 16:42:38 -0700
Processing by TasksController#show as HTML
  Parameters: {"id"=>"2"}
  [1m[36mTask Load (0.6ms)[0m  [1m[34mSELECT  "tasks".* FROM "tasks" WHERE "tasks"."id" = $1 LIMIT $2[0m  [["id", 2], ["LIMIT", 1]]
  ↳ app/controllers/tasks_controller.rb:9
  Rendering tasks/show.html.erb within layouts/application
  Rendered tasks/show.html.erb within layouts/application (0.7ms)
Completed 200 OK in 28ms (Views: 24.7ms | ActiveRecord: 0.6ms)


Started GET "/tasks/3" for ::1 at 2019-10-01 16:42:41 -0700
Processing by TasksController#show as HTML
  Parameters: {"id"=>"3"}
  [1m[36mTask Load (0.6ms)[0m  [1m[34mSELECT  "tasks".* FROM "tasks" WHERE "tasks"."id" = $1 LIMIT $2[0m  [["id", 3], ["LIMIT", 1]]
  ↳ app/controllers/tasks_controller.rb:9
  Rendering tasks/show.html.erb within layouts/application
  Rendered tasks/show.html.erb within layouts/application (0.6ms)
Completed 200 OK in 33ms (Views: 26.5ms | ActiveRecord: 0.6ms)


Started GET "/" for ::1 at 2019-10-02 16:37:22 -0700
  [1m[35m (0.8ms)[0m  [1m[34mSELECT "schema_migrations"."version" FROM "schema_migrations" ORDER BY "schema_migrations"."version" ASC[0m
  ↳ /Users/vi/.rbenv/versions/2.5.5/lib/ruby/gems/2.5.0/gems/activerecord-5.2.3/lib/active_record/log_subscriber.rb:98

SyntaxError - syntax error, unexpected end-of-input, expecting keyword_end:
  app/controllers/tasks_controller.rb:28:in `'

Started POST "/__better_errors/0a248e3f9a54f789/variables" for ::1 at 2019-10-02 16:37:22 -0700
Started GET "/" for ::1 at 2019-10-02 16:37:41 -0700
Processing by TasksController#index as HTML
  Rendering tasks/index.html.erb within layouts/application
  [1m[36mTask Load (0.5ms)[0m  [1m[34mSELECT "tasks".* FROM "tasks"[0m
  ↳ app/views/tasks/index.html.erb:6
  Rendered tasks/index.html.erb within layouts/application (58.0ms)
Completed 200 OK in 252ms (Views: 193.6ms | ActiveRecord: 46.5ms)


Started GET "/" for ::1 at 2019-10-02 16:37:42 -0700
Processing by TasksController#index as HTML
  Rendering tasks/index.html.erb within layouts/application
  [1m[36mTask Load (0.4ms)[0m  [1m[34mSELECT "tasks".* FROM "tasks"[0m
  ↳ app/views/tasks/index.html.erb:6
  Rendered tasks/index.html.erb within layouts/application (2.0ms)
Completed 200 OK in 24ms (Views: 21.6ms | ActiveRecord: 0.4ms)


Started GET "/tasks/new" for ::1 at 2019-10-02 16:38:06 -0700
Processing by TasksController#new as HTML
  Rendering tasks/new.html.erb within layouts/application
  Rendered tasks/new.html.erb within layouts/application (19.1ms)
Completed 200 OK in 39ms (Views: 34.7ms | ActiveRecord: 0.0ms)


Started POST "/tasks" for ::1 at 2019-10-02 16:38:15 -0700
Processing by TasksController#create as HTML
  Parameters: {"utf8"=>"✓", "authenticity_token"=>"wwbvpLI7g9dPmbQFBLn4nuAOsVsrAL5JQarLWhQR0oLdZ48EmhohnpUSg9J7KoPo2HHUoSMExYREyw/3mdtnvQ==", "task"=>{"name"=>"chores", "description"=>"sweep", "completion_date"=>"soon"}, "commit"=>"Create Task"}
Completed 500 Internal Server Error in 1ms (ActiveRecord: 0.0ms)



TypeError - no implicit conversion of Symbol into Integer:
  app/controllers/tasks_controller.rb:21:in `create'

Started POST "/__better_errors/141abaf9b4d58b05/variables" for ::1 at 2019-10-02 16:38:15 -0700
Started GET "/" for ::1 at 2019-10-02 16:38:37 -0700
Processing by TasksController#index as HTML
  Rendering tasks/index.html.erb within layouts/application
  [1m[36mTask Load (0.3ms)[0m  [1m[34mSELECT "tasks".* FROM "tasks"[0m
  ↳ app/views/tasks/index.html.erb:6
  Rendered tasks/index.html.erb within layouts/application (1.9ms)
Completed 200 OK in 22ms (Views: 20.5ms | ActiveRecord: 0.3ms)


Started POST "/__better_errors/141abaf9b4d58b05/variables" for ::1 at 2019-10-02 16:40:17 -0700
Started POST "/tasks" for ::1 at 2019-10-02 16:40:38 -0700
Processing by TasksController#create as HTML
  Parameters: {"utf8"=>"✓", "authenticity_token"=>"wwbvpLI7g9dPmbQFBLn4nuAOsVsrAL5JQarLWhQR0oLdZ48EmhohnpUSg9J7KoPo2HHUoSMExYREyw/3mdtnvQ==", "task"=>{"name"=>"chores", "description"=>"sweep", "completion_date"=>"soon"}, "commit"=>"Create Task"}
Completed 500 Internal Server Error in 15ms (ActiveRecord: 4.7ms)



ActiveModel::UnknownAttributeError - unknown attribute 'completed' for Task.:
  app/controllers/tasks_controller.rb:21:in `create'

Started POST "/__better_errors/93b0ada5c9c7771e/variables" for ::1 at 2019-10-02 16:40:38 -0700
Started POST "/tasks" for ::1 at 2019-10-02 16:40:50 -0700
Processing by TasksController#create as HTML
  Parameters: {"utf8"=>"✓", "authenticity_token"=>"wwbvpLI7g9dPmbQFBLn4nuAOsVsrAL5JQarLWhQR0oLdZ48EmhohnpUSg9J7KoPo2HHUoSMExYREyw/3mdtnvQ==", "task"=>{"name"=>"chores", "description"=>"sweep", "completion_date"=>"soon"}, "commit"=>"Create Task"}
  [1m[35m (0.2ms)[0m  [1m[35mBEGIN[0m
  ↳ app/controllers/tasks_controller.rb:23
  [1m[36mTask Create (0.5ms)[0m  [1m[32mINSERT INTO "tasks" ("name", "description", "completion_date", "created_at", "updated_at") VALUES ($1, $2, $3, $4, $5) RETURNING "id"[0m  [["name", "chores"], ["description", "sweep"], ["completion_date", "soon"], ["created_at", "2019-10-02 23:40:50.137147"], ["updated_at", "2019-10-02 23:40:50.137147"]]
  ↳ app/controllers/tasks_controller.rb:23
  [1m[35m (1.3ms)[0m  [1m[35mCOMMIT[0m
  ↳ app/controllers/tasks_controller.rb:23
Redirected to http://localhost:3000/tasks/4
Completed 302 Found in 17ms (ActiveRecord: 7.3ms)


Started GET "/tasks/4" for ::1 at 2019-10-02 16:40:50 -0700
Processing by TasksController#show as HTML
  Parameters: {"id"=>"4"}
  [1m[36mTask Load (0.2ms)[0m  [1m[34mSELECT  "tasks".* FROM "tasks" WHERE "tasks"."id" = $1 LIMIT $2[0m  [["id", 4], ["LIMIT", 1]]
  ↳ app/controllers/tasks_controller.rb:9
Completed 500 Internal Server Error in 5ms (ActiveRecord: 0.5ms)


Started GET "/" for ::1 at 2019-10-02 16:40:53 -0700
Processing by TasksController#index as HTML
  Rendering tasks/index.html.erb within layouts/application
  [1m[36mTask Load (1.2ms)[0m  [1m[34mSELECT "tasks".* FROM "tasks"[0m
  ↳ app/views/tasks/index.html.erb:6
  Rendered tasks/index.html.erb within layouts/application (6.2ms)
Completed 200 OK in 46ms (Views: 38.6ms | ActiveRecord: 1.2ms)


Started GET "/tasks/new" for ::1 at 2019-10-02 16:40:55 -0700
Processing by TasksController#new as HTML
  Rendering tasks/new.html.erb within layouts/application
  Rendered tasks/new.html.erb within layouts/application (2.1ms)
Completed 200 OK in 27ms (Views: 19.9ms | ActiveRecord: 0.0ms)


Started POST "/tasks" for ::1 at 2019-10-02 16:41:13 -0700
Processing by TasksController#create as HTML
  Parameters: {"utf8"=>"✓", "authenticity_token"=>"QGGUhVckQpuPefnVIJF6YcP4WnS/qFk8Z8z1XBk2d75eAPQlfwXg0lXyzgJfAgEX+4c/jresIvFirTHxlPzCgQ==", "task"=>{"name"=>"homework", "description"=>"hike hw", "completion_date"=>"before friday"}, "commit"=>"Create Task"}
  [1m[35m (1.1ms)[0m  [1m[35mBEGIN[0m
  ↳ app/controllers/tasks_controller.rb:23
  [1m[36mTask Create (0.4ms)[0m  [1m[32mINSERT INTO "tasks" ("name", "description", "completion_date", "created_at", "updated_at") VALUES ($1, $2, $3, $4, $5) RETURNING "id"[0m  [["name", "homework"], ["description", "hike hw"], ["completion_date", "before friday"], ["created_at", "2019-10-02 23:41:13.811210"], ["updated_at", "2019-10-02 23:41:13.811210"]]
  ↳ app/controllers/tasks_controller.rb:23
  [1m[35m (79.4ms)[0m  [1m[35mCOMMIT[0m
  ↳ app/controllers/tasks_controller.rb:23
Redirected to http://localhost:3000/tasks/5
Completed 302 Found in 86ms (ActiveRecord: 80.9ms)


Started GET "/tasks/5" for ::1 at 2019-10-02 16:41:14 -0700
Processing by TasksController#show as HTML
  Parameters: {"id"=>"5"}
  [1m[36mTask Load (0.4ms)[0m  [1m[34mSELECT  "tasks".* FROM "tasks" WHERE "tasks"."id" = $1 LIMIT $2[0m  [["id", 5], ["LIMIT", 1]]
  ↳ app/controllers/tasks_controller.rb:9
Completed 500 Internal Server Error in 2ms (ActiveRecord: 0.4ms)


Started GET "/tasks/5" for ::1 at 2019-10-02 16:41:21 -0700
Processing by TasksController#show as HTML
  Parameters: {"id"=>"5"}
  [1m[36mTask Load (1.2ms)[0m  [1m[34mSELECT  "tasks".* FROM "tasks" WHERE "tasks"."id" = $1 LIMIT $2[0m  [["id", 5], ["LIMIT", 1]]
  ↳ app/controllers/tasks_controller.rb:9
Completed 500 Internal Server Error in 5ms (ActiveRecord: 1.2ms)


Started GET "/tasks/5" for ::1 at 2019-10-02 16:41:23 -0700
Processing by TasksController#show as HTML
  Parameters: {"id"=>"5"}
  [1m[36mTask Load (0.4ms)[0m  [1m[34mSELECT  "tasks".* FROM "tasks" WHERE "tasks"."id" = $1 LIMIT $2[0m  [["id", 5], ["LIMIT", 1]]
  ↳ app/controllers/tasks_controller.rb:9
Completed 500 Internal Server Error in 2ms (ActiveRecord: 0.4ms)


Started GET "/" for ::1 at 2019-10-02 16:41:25 -0700
Processing by TasksController#index as HTML
  Rendering tasks/index.html.erb within layouts/application
  [1m[36mTask Load (0.5ms)[0m  [1m[34mSELECT "tasks".* FROM "tasks"[0m
  ↳ app/views/tasks/index.html.erb:6
  Rendered tasks/index.html.erb within layouts/application (2.5ms)
Completed 200 OK in 30ms (Views: 27.3ms | ActiveRecord: 0.5ms)


Started GET "/" for ::1 at 2019-10-02 16:43:33 -0700
Processing by TasksController#index as HTML
  Rendering tasks/index.html.erb within layouts/application
  [1m[36mTask Load (0.3ms)[0m  [1m[34mSELECT "tasks".* FROM "tasks"[0m
  ↳ app/views/tasks/index.html.erb:6
  Rendered tasks/index.html.erb within layouts/application (8.9ms)
Completed 200 OK in 36ms (Views: 30.5ms | ActiveRecord: 3.0ms)


Started GET "/" for ::1 at 2019-10-02 16:44:01 -0700
Processing by TasksController#index as HTML
  Rendering tasks/index.html.erb within layouts/application
  [1m[36mTask Load (0.4ms)[0m  [1m[34mSELECT "tasks".* FROM "tasks"[0m
  ↳ app/views/tasks/index.html.erb:6
  Rendered tasks/index.html.erb within layouts/application (10.7ms)
Completed 200 OK in 41ms (Views: 33.6ms | ActiveRecord: 3.5ms)


Started GET "/tasks/new" for ::1 at 2019-10-02 16:44:03 -0700
Processing by TasksController#new as HTML
  Rendering tasks/new.html.erb within layouts/application
  Rendered tasks/new.html.erb within layouts/application (3.9ms)
Completed 200 OK in 31ms (Views: 27.6ms | ActiveRecord: 0.0ms)


Started POST "/tasks" for ::1 at 2019-10-02 16:44:11 -0700
Processing by TasksController#create as HTML
  Parameters: {"utf8"=>"✓", "authenticity_token"=>"Ypn6M+ksdes9TvcGnbTR/dKoxA+i4vZgPE5keqD4g0t8+JqTwQ3XoufFwNHiJ6qL6teh9armja05L6DXLTI2dA==", "task"=>{"name"=>"homework", "description"=>"study at cafe", "completion_date"=>"tonight"}, "commit"=>"Create Task"}
  [1m[35m (0.6ms)[0m  [1m[35mBEGIN[0m
  ↳ app/controllers/tasks_controller.rb:24
  [1m[36mTask Create (0.5ms)[0m  [1m[32mINSERT INTO "tasks" ("name", "description", "completion_date", "created_at", "updated_at") VALUES ($1, $2, $3, $4, $5) RETURNING "id"[0m  [["name", "homework"], ["description", "study at cafe"], ["completion_date", "tonight"], ["created_at", "2019-10-02 23:44:12.000341"], ["updated_at", "2019-10-02 23:44:12.000341"]]
  ↳ app/controllers/tasks_controller.rb:24
  [1m[35m (39.6ms)[0m  [1m[35mCOMMIT[0m
  ↳ app/controllers/tasks_controller.rb:24
Redirected to http://localhost:3000/tasks/6
Completed 302 Found in 48ms (ActiveRecord: 40.8ms)


Started GET "/tasks/6" for ::1 at 2019-10-02 16:44:12 -0700
Processing by TasksController#show as HTML
  Parameters: {"id"=>"6"}
  [1m[36mTask Load (0.3ms)[0m  [1m[34mSELECT  "tasks".* FROM "tasks" WHERE "tasks"."id" = $1 LIMIT $2[0m  [["id", 6], ["LIMIT", 1]]
  ↳ app/controllers/tasks_controller.rb:10
  Rendering tasks/show.html.erb within layouts/application
  Rendered tasks/show.html.erb within layouts/application (172.1ms)
Completed 500 Internal Server Error in 178ms (ActiveRecord: 0.3ms)



NoMethodError - undefined method `edit_task_path' for #<#<Class:0x00007fbdd0d3c0a8>:0x00007fbdd14f6f28>:
  app/views/tasks/show.html.erb:6:in `_app_views_tasks_show_html_erb__2964886807995126953_70226618596580'

Started POST "/__better_errors/a6066dd396532fea/variables" for ::1 at 2019-10-02 16:44:12 -0700
Started GET "/" for ::1 at 2019-10-02 16:45:11 -0700
Processing by TasksController#index as HTML
  Rendering tasks/index.html.erb within layouts/application
  [1m[36mTask Load (0.4ms)[0m  [1m[34mSELECT "tasks".* FROM "tasks"[0m
  ↳ app/views/tasks/index.html.erb:6
  Rendered tasks/index.html.erb within layouts/application (2.9ms)
Completed 200 OK in 48ms (Views: 45.1ms | ActiveRecord: 0.4ms)


Started GET "/tasks/new" for ::1 at 2019-10-02 16:45:13 -0700
Processing by TasksController#new as HTML
  Rendering tasks/new.html.erb within layouts/application
  Rendered tasks/new.html.erb within layouts/application (2.6ms)
Completed 200 OK in 29ms (Views: 26.5ms | ActiveRecord: 0.0ms)


Started POST "/tasks" for ::1 at 2019-10-02 16:45:29 -0700
Processing by TasksController#create as HTML
  Parameters: {"utf8"=>"✓", "authenticity_token"=>"Ihf7pZ4HewDoehqelYn6Gmdfz9IE0TMLWCE3VJUi8y88dpsFtibZSTLxLUnqGoFsXyCqKAzVSMZdQPP5GOhGEA==", "task"=>{"name"=>"homework", "description"=>"study at cafe", "completion_date"=>"tonight"}, "commit"=>"Create Task"}
  [1m[35m (0.2ms)[0m  [1m[35mBEGIN[0m
  ↳ app/controllers/tasks_controller.rb:24
  [1m[36mTask Create (0.5ms)[0m  [1m[32mINSERT INTO "tasks" ("name", "description", "completion_date", "created_at", "updated_at") VALUES ($1, $2, $3, $4, $5) RETURNING "id"[0m  [["name", "homework"], ["description", "study at cafe"], ["completion_date", "tonight"], ["created_at", "2019-10-02 23:45:29.468844"], ["updated_at", "2019-10-02 23:45:29.468844"]]
  ↳ app/controllers/tasks_controller.rb:24
  [1m[35m (0.7ms)[0m  [1m[35mCOMMIT[0m
  ↳ app/controllers/tasks_controller.rb:24
Redirected to http://localhost:3000/tasks/7
Completed 302 Found in 7ms (ActiveRecord: 1.4ms)


Started GET "/tasks/7" for ::1 at 2019-10-02 16:45:29 -0700
Processing by TasksController#show as HTML
  Parameters: {"id"=>"7"}
  [1m[36mTask Load (0.4ms)[0m  [1m[34mSELECT  "tasks".* FROM "tasks" WHERE "tasks"."id" = $1 LIMIT $2[0m  [["id", 7], ["LIMIT", 1]]
  ↳ app/controllers/tasks_controller.rb:10
  Rendering tasks/show.html.erb within layouts/application
  Rendered tasks/show.html.erb within layouts/application (249.3ms)
Completed 500 Internal Server Error in 256ms (ActiveRecord: 0.4ms)



NoMethodError - undefined method `edit_task_path' for #<#<Class:0x00007fbdd0d3c0a8>:0x00007fbdd3e84fc0>:
  app/views/tasks/show.html.erb:6:in `_app_views_tasks_show_html_erb__2964886807995126953_70226640383120'

Started POST "/__better_errors/6fe50c1c5f2d3322/variables" for ::1 at 2019-10-02 16:45:30 -0700
Started GET "/tasks/7" for ::1 at 2019-10-02 16:48:21 -0700

SyntaxError - syntax error, unexpected end-of-input, expecting keyword_end:
  app/controllers/tasks_controller.rb:37:in `'

Started POST "/__better_errors/40246885df23a8e5/variables" for ::1 at 2019-10-02 16:48:22 -0700
Started GET "/" for ::1 at 2019-10-02 16:49:13 -0700
Processing by TasksController#index as HTML
  Rendering tasks/index.html.erb within layouts/application
  [1m[36mTask Load (0.3ms)[0m  [1m[34mSELECT "tasks".* FROM "tasks"[0m
  ↳ app/views/tasks/index.html.erb:6
  Rendered tasks/index.html.erb within layouts/application (11.0ms)
Completed 200 OK in 37ms (Views: 24.4ms | ActiveRecord: 3.8ms)


Started GET "/task/5" for ::1 at 2019-10-02 16:49:24 -0700
  
ActionController::RoutingError (No route matches [GET] "/task/5"):
  
actionpack (5.2.3) lib/action_dispatch/middleware/debug_exceptions.rb:65:in `call'
web-console (3.7.0) lib/web_console/middleware.rb:135:in `call_app'
web-console (3.7.0) lib/web_console/middleware.rb:30:in `block in call'
web-console (3.7.0) lib/web_console/middleware.rb:20:in `catch'
web-console (3.7.0) lib/web_console/middleware.rb:20:in `call'
actionpack (5.2.3) lib/action_dispatch/middleware/show_exceptions.rb:33:in `call'
railties (5.2.3) lib/rails/rack/logger.rb:38:in `call_app'
railties (5.2.3) lib/rails/rack/logger.rb:26:in `block in call'
activesupport (5.2.3) lib/active_support/tagged_logging.rb:71:in `block in tagged'
activesupport (5.2.3) lib/active_support/tagged_logging.rb:28:in `tagged'
activesupport (5.2.3) lib/active_support/tagged_logging.rb:71:in `tagged'
railties (5.2.3) lib/rails/rack/logger.rb:26:in `call'
sprockets-rails (3.2.1) lib/sprockets/rails/quiet_assets.rb:13:in `call'
actionpack (5.2.3) lib/action_dispatch/middleware/remote_ip.rb:81:in `call'
actionpack (5.2.3) lib/action_dispatch/middleware/request_id.rb:27:in `call'
rack (2.0.7) lib/rack/method_override.rb:22:in `call'
rack (2.0.7) lib/rack/runtime.rb:22:in `call'
activesupport (5.2.3) lib/active_support/cache/strategy/local_cache_middleware.rb:29:in `call'
actionpack (5.2.3) lib/action_dispatch/middleware/executor.rb:14:in `call'
actionpack (5.2.3) lib/action_dispatch/middleware/static.rb:127:in `call'
rack (2.0.7) lib/rack/sendfile.rb:111:in `call'
railties (5.2.3) lib/rails/engine.rb:524:in `call'
puma (3.12.1) lib/puma/configuration.rb:227:in `call'
puma (3.12.1) lib/puma/server.rb:660:in `handle_request'
puma (3.12.1) lib/puma/server.rb:474:in `process_client'
puma (3.12.1) lib/puma/server.rb:334:in `block in run'
puma (3.12.1) lib/puma/thread_pool.rb:135:in `block in spawn_thread'
Started GET "/tasks/5" for ::1 at 2019-10-02 16:49:26 -0700
Processing by TasksController#show as HTML
  Parameters: {"id"=>"5"}
  [1m[36mTask Load (0.3ms)[0m  [1m[34mSELECT  "tasks".* FROM "tasks" WHERE "tasks"."id" = $1 LIMIT $2[0m  [["id", 5], ["LIMIT", 1]]
  ↳ app/controllers/tasks_controller.rb:10
  Rendering tasks/show.html.erb within layouts/application
  Rendered tasks/show.html.erb within layouts/application (169.2ms)
Completed 500 Internal Server Error in 178ms (ActiveRecord: 0.3ms)



NoMethodError - undefined method `edit_task_path' for #<#<Class:0x00007fbdd582beb0>:0x00007fbdd3e39318>:
  app/views/tasks/show.html.erb:6:in `_app_views_tasks_show_html_erb__2964886807995126953_70226640228440'

Started POST "/__better_errors/d907645224d671a1/variables" for ::1 at 2019-10-02 16:49:27 -0700
Started GET "/tasks/new" for ::1 at 2019-10-02 16:49:40 -0700
Processing by TasksController#new as HTML
  Rendering tasks/new.html.erb within layouts/application
  Rendered tasks/new.html.erb within layouts/application (7.6ms)
Completed 200 OK in 36ms (Views: 33.2ms | ActiveRecord: 0.0ms)


Started POST "/tasks" for ::1 at 2019-10-02 16:49:53 -0700
Processing by TasksController#create as HTML
  Parameters: {"utf8"=>"✓", "authenticity_token"=>"NGs3QFYjx15CGPFGJxIOjI+d2KPf3ybFtVyIswGNKBsqClfgfgJlF5iTxpFYgXX6t+K9WdfbXQiwPUwejEedJA==", "task"=>{"name"=>"relaxation", "description"=>"bathtub", "completion_date"=>"saturday"}, "commit"=>"Create Task"}
  [1m[35m (0.6ms)[0m  [1m[35mBEGIN[0m
  ↳ app/controllers/tasks_controller.rb:24
  [1m[36mTask Create (3.8ms)[0m  [1m[32mINSERT INTO "tasks" ("name", "description", "completion_date", "created_at", "updated_at") VALUES ($1, $2, $3, $4, $5) RETURNING "id"[0m  [["name", "relaxation"], ["description", "bathtub"], ["completion_date", "saturday"], ["created_at", "2019-10-02 23:49:53.058577"], ["updated_at", "2019-10-02 23:49:53.058577"]]
  ↳ app/controllers/tasks_controller.rb:24
  [1m[35m (0.4ms)[0m  [1m[35mCOMMIT[0m
  ↳ app/controllers/tasks_controller.rb:24
Redirected to http://localhost:3000/tasks/8
Completed 302 Found in 13ms (ActiveRecord: 4.8ms)


Started GET "/tasks/8" for ::1 at 2019-10-02 16:49:53 -0700
Processing by TasksController#show as HTML
  Parameters: {"id"=>"8"}
  [1m[36mTask Load (0.2ms)[0m  [1m[34mSELECT  "tasks".* FROM "tasks" WHERE "tasks"."id" = $1 LIMIT $2[0m  [["id", 8], ["LIMIT", 1]]
  ↳ app/controllers/tasks_controller.rb:10
  Rendering tasks/show.html.erb within layouts/application
  Rendered tasks/show.html.erb within layouts/application (294.5ms)
Completed 500 Internal Server Error in 305ms (ActiveRecord: 0.2ms)



NoMethodError - undefined method `edit_task_path' for #<#<Class:0x00007fbdd582beb0>:0x00007fbdd0a98770>:
  app/views/tasks/show.html.erb:6:in `_app_views_tasks_show_html_erb__2964886807995126953_70226613486520'

Started POST "/__better_errors/20831f97a47f193c/variables" for ::1 at 2019-10-02 16:49:53 -0700
Started GET "/" for ::1 at 2019-10-02 16:49:57 -0700
Processing by TasksController#index as HTML
  Rendering tasks/index.html.erb within layouts/application
  [1m[36mTask Load (0.3ms)[0m  [1m[34mSELECT "tasks".* FROM "tasks"[0m
  ↳ app/views/tasks/index.html.erb:6
  Rendered tasks/index.html.erb within layouts/application (4.2ms)
Completed 200 OK in 52ms (Views: 49.5ms | ActiveRecord: 0.3ms)


Started POST "/__better_errors/20831f97a47f193c/variables" for ::1 at 2019-10-02 16:50:01 -0700
Started GET "/" for ::1 at 2019-10-02 16:54:57 -0700
  [1m[35m (0.5ms)[0m  [1m[34mSELECT "schema_migrations"."version" FROM "schema_migrations" ORDER BY "schema_migrations"."version" ASC[0m
  ↳ /Users/vi/.rbenv/versions/2.5.5/lib/ruby/gems/2.5.0/gems/activerecord-5.2.3/lib/active_record/log_subscriber.rb:98
Processing by TasksController#index as HTML
  Rendering tasks/index.html.erb within layouts/application
  [1m[36mTask Load (0.5ms)[0m  [1m[34mSELECT "tasks".* FROM "tasks"[0m
  ↳ app/views/tasks/index.html.erb:6
  Rendered tasks/index.html.erb within layouts/application (11.9ms)
Completed 200 OK in 181ms (Views: 165.6ms | ActiveRecord: 4.3ms)


Started GET "/tasks/new" for ::1 at 2019-10-02 16:55:02 -0700
Processing by TasksController#new as HTML
  Rendering tasks/new.html.erb within layouts/application
  Rendered tasks/new.html.erb within layouts/application (9.1ms)
Completed 200 OK in 26ms (Views: 23.8ms | ActiveRecord: 0.0ms)


Started POST "/tasks" for ::1 at 2019-10-02 16:55:19 -0700
Processing by TasksController#create as HTML
  Parameters: {"utf8"=>"✓", "authenticity_token"=>"gnns3V/pzo/aGoamp9wWR2W5OddxdDO6pJYOmONZm/6cGIx9d8hsxgCRsXHYT20xXcZcLXlwSHeh98o1bpMuwQ==", "task"=>{"name"=>"sit", "description"=>"just sit there", "completion_date"=>"thursday"}, "commit"=>"Create Task"}
  [1m[35m (0.2ms)[0m  [1m[35mBEGIN[0m
  ↳ app/controllers/tasks_controller.rb:24
  [1m[36mTask Create (1.1ms)[0m  [1m[32mINSERT INTO "tasks" ("name", "description", "completion_date", "created_at", "updated_at") VALUES ($1, $2, $3, $4, $5) RETURNING "id"[0m  [["name", "sit"], ["description", "just sit there"], ["completion_date", "thursday"], ["created_at", "2019-10-02 23:55:19.174034"], ["updated_at", "2019-10-02 23:55:19.174034"]]
  ↳ app/controllers/tasks_controller.rb:24
  [1m[35m (0.9ms)[0m  [1m[35mCOMMIT[0m
  ↳ app/controllers/tasks_controller.rb:24
Redirected to http://localhost:3000/tasks/9
Completed 302 Found in 9ms (ActiveRecord: 2.1ms)


Started GET "/tasks/9" for ::1 at 2019-10-02 16:55:19 -0700
Processing by TasksController#show as HTML
  Parameters: {"id"=>"9"}
  [1m[36mTask Load (0.4ms)[0m  [1m[34mSELECT  "tasks".* FROM "tasks" WHERE "tasks"."id" = $1 LIMIT $2[0m  [["id", 9], ["LIMIT", 1]]
  ↳ app/controllers/tasks_controller.rb:10
  Rendering tasks/show.html.erb within layouts/application
  Rendered tasks/show.html.erb within layouts/application (0.6ms)
Completed 200 OK in 46ms (Views: 40.0ms | ActiveRecord: 0.7ms)


Started GET "/tasks/9/edit" for ::1 at 2019-10-02 16:55:21 -0700
Processing by TasksController#edit as HTML
  Parameters: {"id"=>"9"}
  [1m[36mTask Load (0.5ms)[0m  [1m[34mSELECT  "tasks".* FROM "tasks" WHERE "tasks"."id" = $1 LIMIT $2[0m  [["id", 9], ["LIMIT", 1]]
  ↳ app/controllers/tasks_controller.rb:32
Completed 406 Not Acceptable in 75ms (ActiveRecord: 0.5ms)



ActionController::UnknownFormat - TasksController#edit is missing a template for this request format and variant.

request.formats: ["text/html"]
request.variant: []

NOTE! For XHR/Ajax or API requests, this action would normally respond with 204 No Content: an empty white screen. Since you're loading it in a web browser, we assume that you expected to actually render a template, not nothing, so we're showing an error to be extra-clear. If you expect 204 No Content, carry on. That's what you'll get from an XHR or API request. Give it a shot.:

Started POST "/__better_errors/6cc15ee6a0324627/variables" for ::1 at 2019-10-02 16:55:21 -0700
